<?xml version="1.0" encoding="UTF-8"?>
<testng-results ignored="0" total="1" passed="1" failed="0" skipped="0">
  <reporter-output>
  </reporter-output>
  <suite started-at="2024-08-25T17:03:20 IST" name="Default suite" finished-at="2024-08-25T17:03:40 IST" duration-ms="20579">
    <groups>
    </groups>
    <test started-at="2024-08-25T17:03:20 IST" name="Default test" finished-at="2024-08-25T17:03:40 IST" duration-ms="20579">
      <class name="Test.TC001Login">
        <test-method is-config="true" signature="steup()[pri:0, instance:Test.TC001Login@6302bbb1]" started-at="2024-08-25T17:03:20 IST" name="steup" finished-at="2024-08-25T17:03:30 IST" duration-ms="10471" status="PASS">
          <reporter-output>
          </reporter-output>
        </test-method> <!-- steup -->
        <test-method signature="Logintest()[pri:0, instance:Test.TC001Login@6302bbb1]" started-at="2024-08-25T17:03:30 IST" name="Logintest" finished-at="2024-08-25T17:03:34 IST" duration-ms="3323" status="PASS">
          <reporter-output>
          </reporter-output>
        </test-method> <!-- Logintest -->
        <test-method is-config="true" signature="teardown()[pri:0, instance:Test.TC001Login@6302bbb1]" started-at="2024-08-25T17:03:34 IST" name="teardown" finished-at="2024-08-25T17:03:40 IST" duration-ms="6721" status="PASS">
          <reporter-output>
          </reporter-output>
        </test-method> <!-- teardown -->
      </class> <!-- Test.TC001Login -->
    </test> <!-- Default test -->
  </suite> <!-- Default suite -->
</testng-results>
